Using pre-set license
Built from '2020.3/staging' branch; Version is '2020.3.13f1 (71691879b7f5) revision 7432472'; Using compiler version '192528614'; Build Type 'Release'
OS: 'Windows 10 Pro; OS build 19043.1415; Version 2009; 64bit' Language: 'zh' Physical Memory: 16131 MB
BatchMode: 1, IsHumanControllingUs: 0, StartBugReporterOnCrash: 0, Is64bit: 1, IsPro: 0

 COMMAND LINE ARGUMENTS:
C:\Program Files\Unity\Hub\Editor\2020.3.13f1\Editor\Unity.exe
-adb2
-batchMode
-noUpm
-name
AssetImportWorker0
-projectPath
C:/Users/user/Desktop/110-1 大二上/視窗/unity/TempleRun
-logFile
Logs/AssetImportWorker0.log
-srvPort
56886
Successfully changed project path to: C:/Users/user/Desktop/110-1 大二上/視窗/unity/TempleRun
C:/Users/user/Desktop/110-1 大二上/視窗/unity/TempleRun
Using Asset Import Pipeline V2.
Refreshing native plugins compatible for Editor in 48.63 ms, found 2 plugins.
Preloading 0 native plugins for Editor in 0.00 ms.
Initialize engine version: 2020.3.13f1 (71691879b7f5)
[Subsystems] Discovering subsystems at path C:/Program Files/Unity/Hub/Editor/2020.3.13f1/Editor/Data/Resources/UnitySubsystems
[Subsystems] Discovering subsystems at path C:/Users/user/Desktop/110-1 大二上/視窗/unity/TempleRun/Assets
GfxDevice: creating device client; threaded=0
Direct3D:
    Version:  Direct3D 11.0 [level 11.1]
    Renderer: NVIDIA GeForce MX250 (ID=0x1d13)
    Vendor:   
    VRAM:     1983 MB
    Driver:   30.0.14.7242
Initialize mono
Mono path[0] = 'C:/Program Files/Unity/Hub/Editor/2020.3.13f1/Editor/Data/Managed'
Mono path[1] = 'C:/Program Files/Unity/Hub/Editor/2020.3.13f1/Editor/Data/MonoBleedingEdge/lib/mono/unityjit'
Mono config path = 'C:/Program Files/Unity/Hub/Editor/2020.3.13f1/Editor/Data/MonoBleedingEdge/etc'
Using monoOptions --debugger-agent=transport=dt_socket,embedding=1,server=y,suspend=n,address=127.0.0.1:56020
Begin MonoManager ReloadAssembly
Registering precompiled unity dll's ...
Register platform support module: C:/Program Files/Unity/Hub/Editor/2020.3.13f1/Editor/Data/PlaybackEngines/WebGLSupport/UnityEditor.WebGL.Extensions.dll
Register platform support module: C:/Program Files/Unity/Hub/Editor/2020.3.13f1/Editor/Data/PlaybackEngines/WindowsStandaloneSupport/UnityEditor.WindowsStandalone.Extensions.dll
Registered in 0.002001 seconds.
Native extension for WindowsStandalone target not found
Native extension for WebGL target not found
Refreshing native plugins compatible for Editor in 87.72 ms, found 2 plugins.
Preloading 0 native plugins for Editor in 0.00 ms.
Mono: successfully reloaded assembly
- Completed reload, in  1.804 seconds
Platform modules already initialized, skipping
Registering precompiled user dll's ...
Registered in 0.136121 seconds.
Begin MonoManager ReloadAssembly
Native extension for WindowsStandalone target not found
Native extension for WebGL target not found
Refreshing native plugins compatible for Editor in 0.52 ms, found 2 plugins.
Preloading 0 native plugins for Editor in 0.00 ms.
Mono: successfully reloaded assembly
- Completed reload, in  1.284 seconds
Platform modules already initialized, skipping
========================================================================
Worker process is ready to serve import requests
Launched and connected shader compiler UnityShaderCompiler.exe after 0.07 seconds
Refreshing native plugins compatible for Editor in 0.47 ms, found 2 plugins.
Preloading 0 native plugins for Editor in 0.00 ms.
Unloading 1604 Unused Serialized files (Serialized files now loaded: 0)
System memory in use before: 79.9 MB.
System memory in use after: 80.0 MB.

Unloading 20 unused Assets to reduce memory usage. Loaded Objects now: 2047.
Total: 2.164800 ms (FindLiveObjects: 0.165200 ms CreateObjectMapping: 0.064300 ms MarkObjects: 1.802900 ms  DeleteObjects: 0.131300 ms)

AssetImportParameters requested are different than current active one (requested -> active):
  custom:framework-win-MediaFoundation: 216162199b28c13a410421893ffa2e32 -> 
  custom:video-decoder-ogg-theora: a1e56fd34408186e4bbccfd4996cb3dc -> 
  custom:container-muxer-webm: aa71ff27fc2769a1b78a27578f13a17b -> 
  custom:container-demuxer-webm: 4f35f7cbe854078d1ac9338744f61a02 -> 
  custom:container-demuxer-ogg: 62fdf1f143b41e24485cea50d1cbac27 -> 
  custom:video-encoder-webm-vp8: eb34c28f22e8b96e1ab97ce403110664 -> 
  custom:video-codec-MediaFoundation-h265: 746d11721c4dcdbdad8f713fa42b33f4 -> 
  custom:video-decoder-webm-vp8: 9c59270c3fd7afecdb556c50c9e8de78 -> 
  custom:audio-decoder-ogg-vorbis: bf7c407c2cedff20999df2af8eb42d56 -> 
  custom:audio-encoder-webm-vorbis: bf7c407c2cedff20999df2af8eb42d56 -> 
========================================================================
Received Import Request.
  path: Assets/import package/FC Pirate Music Pack [Lite]/Music/Preload Buffer.wav
  artifactKey: Guid(c68996985dea9429a8c216599cb1626e) Importer(815301076,1909f56bfc062723c751e8b465ee728b)
Start importing Assets/import package/FC Pirate Music Pack [Lite]/Music/Preload Buffer.wav using Guid(c68996985dea9429a8c216599cb1626e) Importer(815301076,1909f56bfc062723c751e8b465ee728b)  -> (artifact id: 'ee24bb9d94354a02be7559d21c7c3c97') in 0.102328 seconds 
  Import took 0.105768 seconds .

========================================================================
Received Import Request.
  Time since last request: 0.000210 seconds.
  path: Assets/import package/FC Pirate Music Pack [Lite]/Music/Adventure Inn Section 1 Intro.wav
  artifactKey: Guid(2bc73e8f05be2440db3ec89a47f11c0a) Importer(815301076,1909f56bfc062723c751e8b465ee728b)
Start importing Assets/import package/FC Pirate Music Pack [Lite]/Music/Adventure Inn Section 1 Intro.wav using Guid(2bc73e8f05be2440db3ec89a47f11c0a) Importer(815301076,1909f56bfc062723c751e8b465ee728b)  -> (artifact id: '04d222239e57e0857caa87e6cf6c6192') in 0.026016 seconds 
  Import took 0.029612 seconds .

========================================================================
Received Import Request.
  Time since last request: 0.000236 seconds.
  path: Assets/import package/FC Pirate Music Pack [Lite]/Music/Adventure Inn Section 4.wav
  artifactKey: Guid(afe2299094d184ebbaf562bce28e604e) Importer(815301076,1909f56bfc062723c751e8b465ee728b)
Start importing Assets/import package/FC Pirate Music Pack [Lite]/Music/Adventure Inn Section 4.wav using Guid(afe2299094d184ebbaf562bce28e604e) Importer(815301076,1909f56bfc062723c751e8b465ee728b)  -> (artifact id: '7d1ad3f334b854d1b9633e430271a7f5') in 0.020173 seconds 
  Import took 0.024549 seconds .

========================================================================
Received Import Request.
  Time since last request: 0.000209 seconds.
  path: Assets/import package/FC Pirate Music Pack [Lite]/Documentation
  artifactKey: Guid(3edfc7c261f3b4838be470175f9eedaa) Importer(815301076,1909f56bfc062723c751e8b465ee728b)
Start importing Assets/import package/FC Pirate Music Pack [Lite]/Documentation using Guid(3edfc7c261f3b4838be470175f9eedaa) Importer(815301076,1909f56bfc062723c751e8b465ee728b)  -> (artifact id: 'a3576604b03ccc83d964e4f068ae2f7b') in 0.008302 seconds 
  Import took 0.012269 seconds .

========================================================================
Received Import Request.
  Time since last request: 0.000221 seconds.
  path: Assets/import package/FC Pirate Music Pack [Lite]/Prefabs
  artifactKey: Guid(e3154187a64a04fc5865c622c36f6f22) Importer(815301076,1909f56bfc062723c751e8b465ee728b)
Start importing Assets/import package/FC Pirate Music Pack [Lite]/Prefabs using Guid(e3154187a64a04fc5865c622c36f6f22) Importer(815301076,1909f56bfc062723c751e8b465ee728b)  -> (artifact id: '4852e1234638bf5c7621741eb09d8445') in 0.009759 seconds 
  Import took 0.013770 seconds .

========================================================================
Received Import Request.
  Time since last request: 0.000333 seconds.
  path: Assets/import package/FC Pirate Music Pack [Lite]/Music/Adventure Inn Section 2.wav
  artifactKey: Guid(9d98899e9ab8f4714b1e7addcde43896) Importer(815301076,1909f56bfc062723c751e8b465ee728b)
Start importing Assets/import package/FC Pirate Music Pack [Lite]/Music/Adventure Inn Section 2.wav using Guid(9d98899e9ab8f4714b1e7addcde43896) Importer(815301076,1909f56bfc062723c751e8b465ee728b)  -> (artifact id: 'd9d23dc0a8075a8a969b85227f3e176d') in 0.018393 seconds 
  Import took 0.023144 seconds .

========================================================================
Received Import Request.
  Time since last request: 0.000295 seconds.
  path: Assets/import package/FC Pirate Music Pack [Lite]
  artifactKey: Guid(792ba16fc090f1c478f6f0a3702c31b5) Importer(815301076,1909f56bfc062723c751e8b465ee728b)
Start importing Assets/import package/FC Pirate Music Pack [Lite] using Guid(792ba16fc090f1c478f6f0a3702c31b5) Importer(815301076,1909f56bfc062723c751e8b465ee728b)  -> (artifact id: 'f09f4bdadd13253426c0cccd13ff0c7d') in 0.009343 seconds 
  Import took 0.012625 seconds .

========================================================================
Received Import Request.
  Time since last request: 0.000182 seconds.
  path: Assets/import package/FC Pirate Music Pack [Lite]/Music
  artifactKey: Guid(4a956e7d800244b1ba50bc47a53cfe68) Importer(815301076,1909f56bfc062723c751e8b465ee728b)
Start importing Assets/import package/FC Pirate Music Pack [Lite]/Music using Guid(4a956e7d800244b1ba50bc47a53cfe68) Importer(815301076,1909f56bfc062723c751e8b465ee728b)  -> (artifact id: '700d703e20714ea12788d1c35cc6528f') in 0.006915 seconds 
  Import took 0.009586 seconds .

========================================================================
Received Import Request.
  Time since last request: 0.000150 seconds.
  path: Assets/import package/FC Pirate Music Pack [Lite]/Music/Adventure Inn Section 6.wav
  artifactKey: Guid(90fa3fb09e80c441bac8b91a70f2f003) Importer(815301076,1909f56bfc062723c751e8b465ee728b)
Start importing Assets/import package/FC Pirate Music Pack [Lite]/Music/Adventure Inn Section 6.wav using Guid(90fa3fb09e80c441bac8b91a70f2f003) Importer(815301076,1909f56bfc062723c751e8b465ee728b)  -> (artifact id: '87882c1e7e32c30d86cb16947a219795') in 0.013187 seconds 
  Import took 0.016133 seconds .

========================================================================
Received Import Request.
  Time since last request: 0.000154 seconds.
  path: Assets/import package/FC Pirate Music Pack [Lite]/Music/Adventure Inn Section 3.wav
  artifactKey: Guid(ce54fc1e56b5144bf91a28162db61ca0) Importer(815301076,1909f56bfc062723c751e8b465ee728b)
Start importing Assets/import package/FC Pirate Music Pack [Lite]/Music/Adventure Inn Section 3.wav using Guid(ce54fc1e56b5144bf91a28162db61ca0) Importer(815301076,1909f56bfc062723c751e8b465ee728b)  -> (artifact id: 'efdb278806d933daab3cfc3a4eb0301a') in 0.013852 seconds 
  Import took 0.016892 seconds .

========================================================================
Received Import Request.
  Time since last request: 0.000244 seconds.
  path: Assets/import package/FC Pirate Music Pack [Lite]/Music/Adventure Inn Full Mix.wav
  artifactKey: Guid(6a222603e1c254910bd40d483aef28b0) Importer(815301076,1909f56bfc062723c751e8b465ee728b)
Start importing Assets/import package/FC Pirate Music Pack [Lite]/Music/Adventure Inn Full Mix.wav using Guid(6a222603e1c254910bd40d483aef28b0) Importer(815301076,1909f56bfc062723c751e8b465ee728b)  -> (artifact id: '50648077c15dbccee805c3e9a2cc949a') in 0.012915 seconds 
  Import took 0.016285 seconds .

========================================================================
Received Import Request.
  Time since last request: 0.000168 seconds.
  path: Assets/import package/FC Pirate Music Pack [Lite]/Music/Adventure Inn Section 5.wav
  artifactKey: Guid(56a910d5a0b8641248c9e43ff7b94e9f) Importer(815301076,1909f56bfc062723c751e8b465ee728b)
Start importing Assets/import package/FC Pirate Music Pack [Lite]/Music/Adventure Inn Section 5.wav using Guid(56a910d5a0b8641248c9e43ff7b94e9f) Importer(815301076,1909f56bfc062723c751e8b465ee728b)  -> (artifact id: 'c2fc84ff884f527ca4a95fa6364558e2') in 0.012959 seconds 
  Import took 0.015787 seconds .

========================================================================
Received Import Request.
  Time since last request: 0.006001 seconds.
  path: Assets/import package/FC Pirate Music Pack [Lite]/Music/Adventure Inn Full Mix.wav
  artifactKey: Guid(6a222603e1c254910bd40d483aef28b0) Importer(815301076,1909f56bfc062723c751e8b465ee728b)
Start importing Assets/import package/FC Pirate Music Pack [Lite]/Music/Adventure Inn Full Mix.wav using Guid(6a222603e1c254910bd40d483aef28b0) Importer(815301076,1909f56bfc062723c751e8b465ee728b)  -> (artifact id: '50648077c15dbccee805c3e9a2cc949a') in 0.006905 seconds 
  Import took 0.010010 seconds .

========================================================================
Received Prepare
Registering precompiled user dll's ...
Registered in 0.005918 seconds.
Begin MonoManager ReloadAssembly
Native extension for WindowsStandalone target not found
Native extension for WebGL target not found
Refreshing native plugins compatible for Editor in 0.65 ms, found 2 plugins.
Preloading 0 native plugins for Editor in 0.00 ms.
Mono: successfully reloaded assembly
- Completed reload, in  1.001 seconds
Platform modules already initialized, skipping
Refreshing native plugins compatible for Editor in 0.51 ms, found 2 plugins.
Preloading 0 native plugins for Editor in 0.00 ms.
Unloading 1584 Unused Serialized files (Serialized files now loaded: 0)
System memory in use before: 81.6 MB.
System memory in use after: 81.7 MB.

Unloading 15 unused Assets to reduce memory usage. Loaded Objects now: 2059.
Total: 2.016800 ms (FindLiveObjects: 0.186800 ms CreateObjectMapping: 0.060300 ms MarkObjects: 1.678500 ms  DeleteObjects: 0.090400 ms)

AssetImportParameters requested are different than current active one (requested -> active):
  custom:framework-win-MediaFoundation: 216162199b28c13a410421893ffa2e32 -> 
  custom:video-decoder-ogg-theora: a1e56fd34408186e4bbccfd4996cb3dc -> 
  custom:container-muxer-webm: aa71ff27fc2769a1b78a27578f13a17b -> 
  custom:container-demuxer-webm: 4f35f7cbe854078d1ac9338744f61a02 -> 
  custom:container-demuxer-ogg: 62fdf1f143b41e24485cea50d1cbac27 -> 
  custom:video-encoder-webm-vp8: eb34c28f22e8b96e1ab97ce403110664 -> 
  custom:video-codec-MediaFoundation-h265: 746d11721c4dcdbdad8f713fa42b33f4 -> 
  custom:video-decoder-webm-vp8: 9c59270c3fd7afecdb556c50c9e8de78 -> 
  custom:audio-decoder-ogg-vorbis: bf7c407c2cedff20999df2af8eb42d56 -> 
  custom:audio-encoder-webm-vorbis: bf7c407c2cedff20999df2af8eb42d56 -> 
========================================================================
Received Import Request.
  Time since last request: 403.256848 seconds.
  path: Assets/Prefabs/Temple Run (iOS) Music- Running Music.mp3
  artifactKey: Guid(b0e4a646d12f50a4cad92eb6904e8191) Importer(815301076,1909f56bfc062723c751e8b465ee728b)
Start importing Assets/Prefabs/Temple Run (iOS) Music- Running Music.mp3 using Guid(b0e4a646d12f50a4cad92eb6904e8191) Importer(815301076,1909f56bfc062723c751e8b465ee728b)  -> (artifact id: '8884885218301dae65e02bfdf436c157') in 0.058305 seconds 
  Import took 0.061595 seconds .

========================================================================
Received Prepare
Registering precompiled user dll's ...
Registered in 0.003460 seconds.
Begin MonoManager ReloadAssembly
Native extension for WindowsStandalone target not found
Native extension for WebGL target not found
Refreshing native plugins compatible for Editor in 0.49 ms, found 2 plugins.
Preloading 0 native plugins for Editor in 0.00 ms.
Mono: successfully reloaded assembly
- Completed reload, in  1.035 seconds
Platform modules already initialized, skipping
Refreshing native plugins compatible for Editor in 0.78 ms, found 2 plugins.
Preloading 0 native plugins for Editor in 0.00 ms.
Unloading 1584 Unused Serialized files (Serialized files now loaded: 0)
System memory in use before: 81.7 MB.
System memory in use after: 81.8 MB.

Unloading 15 unused Assets to reduce memory usage. Loaded Objects now: 2063.
Total: 2.203700 ms (FindLiveObjects: 0.144800 ms CreateObjectMapping: 0.048800 ms MarkObjects: 1.923300 ms  DeleteObjects: 0.085600 ms)

AssetImportParameters requested are different than current active one (requested -> active):
  custom:framework-win-MediaFoundation: 216162199b28c13a410421893ffa2e32 -> 
  custom:video-decoder-ogg-theora: a1e56fd34408186e4bbccfd4996cb3dc -> 
  custom:container-muxer-webm: aa71ff27fc2769a1b78a27578f13a17b -> 
  custom:container-demuxer-webm: 4f35f7cbe854078d1ac9338744f61a02 -> 
  custom:container-demuxer-ogg: 62fdf1f143b41e24485cea50d1cbac27 -> 
  custom:video-encoder-webm-vp8: eb34c28f22e8b96e1ab97ce403110664 -> 
  custom:video-codec-MediaFoundation-h265: 746d11721c4dcdbdad8f713fa42b33f4 -> 
  custom:video-decoder-webm-vp8: 9c59270c3fd7afecdb556c50c9e8de78 -> 
  custom:audio-decoder-ogg-vorbis: bf7c407c2cedff20999df2af8eb42d56 -> 
  custom:audio-encoder-webm-vorbis: bf7c407c2cedff20999df2af8eb42d56 -> 
========================================================================
Received Import Request.
  Time since last request: 64.968008 seconds.
  path: Assets/Scenes/Menu.unity
  artifactKey: Guid(2d088f19b9518e94f9120a111019d735) Importer(815301076,1909f56bfc062723c751e8b465ee728b)
Start importing Assets/Scenes/Menu.unity using Guid(2d088f19b9518e94f9120a111019d735) Importer(815301076,1909f56bfc062723c751e8b465ee728b)  -> (artifact id: 'b626746b1a1d01ded17629a463bcb946') in 0.032062 seconds 
  Import took 0.035313 seconds .

========================================================================
Received Prepare
Registering precompiled user dll's ...
Registered in 0.004649 seconds.
Begin MonoManager ReloadAssembly
Native extension for WindowsStandalone target not found
Native extension for WebGL target not found
Refreshing native plugins compatible for Editor in 0.51 ms, found 2 plugins.
Preloading 0 native plugins for Editor in 0.00 ms.
Mono: successfully reloaded assembly
- Completed reload, in  1.033 seconds
Platform modules already initialized, skipping
Refreshing native plugins compatible for Editor in 0.48 ms, found 2 plugins.
Preloading 0 native plugins for Editor in 0.00 ms.
Unloading 1584 Unused Serialized files (Serialized files now loaded: 0)
System memory in use before: 81.7 MB.
System memory in use after: 81.8 MB.

Unloading 15 unused Assets to reduce memory usage. Loaded Objects now: 2066.
Total: 2.118300 ms (FindLiveObjects: 0.143500 ms CreateObjectMapping: 0.046900 ms MarkObjects: 1.834600 ms  DeleteObjects: 0.092200 ms)

AssetImportParameters requested are different than current active one (requested -> active):
  custom:framework-win-MediaFoundation: 216162199b28c13a410421893ffa2e32 -> 
  custom:video-decoder-ogg-theora: a1e56fd34408186e4bbccfd4996cb3dc -> 
  custom:container-muxer-webm: aa71ff27fc2769a1b78a27578f13a17b -> 
  custom:container-demuxer-webm: 4f35f7cbe854078d1ac9338744f61a02 -> 
  custom:container-demuxer-ogg: 62fdf1f143b41e24485cea50d1cbac27 -> 
  custom:video-encoder-webm-vp8: eb34c28f22e8b96e1ab97ce403110664 -> 
  custom:video-codec-MediaFoundation-h265: 746d11721c4dcdbdad8f713fa42b33f4 -> 
  custom:video-decoder-webm-vp8: 9c59270c3fd7afecdb556c50c9e8de78 -> 
  custom:audio-decoder-ogg-vorbis: bf7c407c2cedff20999df2af8eb42d56 -> 
  custom:audio-encoder-webm-vorbis: bf7c407c2cedff20999df2af8eb42d56 -> 
